android-companion/app/build/intermediates/manifest_merge_blame_file/debug/processDebugMainManifest/manifest-merger-blame-debug-report.txt
1<?xml version="1.0" encoding="utf-8"?>
2<manifest xmlns:android="http://schemas.android.com/apk/res/android"
3    package="com.phishrakshak.guard"
4    android:versionCode="1"
5    android:versionName="1.0.0" >
6
7    <uses-sdk
8        android:minSdkVersion="23"
9        android:targetSdkVersion="35" />
10
11    <uses-feature
11-->src/main/AndroidManifest.xml:4:5-88
12        android:name="android.hardware.telephony"
12-->src/main/AndroidManifest.xml:4:19-60
13        android:required="false" />
13-->src/main/AndroidManifest.xml:4:61-85
14
15    <uses-permission android:name="android.permission.INTERNET" />
15-->src/main/AndroidManifest.xml:6:5-67
15-->src/main/AndroidManifest.xml:6:22-64
16
17    <!-- SMS protection -->
18    <uses-permission android:name="android.permission.RECEIVE_SMS" />
18-->src/main/AndroidManifest.xml:9:5-70
18-->src/main/AndroidManifest.xml:9:22-67
19    <uses-permission android:name="android.permission.READ_SMS" />
19-->src/main/AndroidManifest.xml:10:5-67
19-->src/main/AndroidManifest.xml:10:22-64
20    <uses-permission android:name="android.permission.SEND_SMS" />
20-->src/main/AndroidManifest.xml:11:5-67
20-->src/main/AndroidManifest.xml:11:22-64
21
22    <!-- Call protection -->
23    <uses-permission android:name="android.permission.READ_PHONE_STATE" />
23-->src/main/AndroidManifest.xml:14:5-75
23-->src/main/AndroidManifest.xml:14:22-72
24    <uses-permission android:name="android.permission.READ_CALL_LOG" />
24-->src/main/AndroidManifest.xml:15:5-72
24-->src/main/AndroidManifest.xml:15:22-69
25    <uses-permission android:name="android.permission.ANSWER_PHONE_CALLS" />
25-->src/main/AndroidManifest.xml:16:5-77
25-->src/main/AndroidManifest.xml:16:22-74
26
27    <!-- Android 13+ notification permission -->
28    <uses-permission android:name="android.permission.POST_NOTIFICATIONS" />
28-->src/main/AndroidManifest.xml:19:5-77
28-->src/main/AndroidManifest.xml:19:22-74
29
30    <permission
30-->[androidx.core:core:1.13.1] AndroidManifest.xml:22:5-24:47
31        android:name="com.phishrakshak.guard.DYNAMIC_RECEIVER_NOT_EXPORTED_PERMISSION"
31-->[androidx.core:core:1.13.1] AndroidManifest.xml:23:9-81
32        android:protectionLevel="signature" />
32-->[androidx.core:core:1.13.1] AndroidManifest.xml:24:9-44
33
34    <uses-permission android:name="com.phishrakshak.guard.DYNAMIC_RECEIVER_NOT_EXPORTED_PERMISSION" />
34-->[androidx.core:core:1.13.1] AndroidManifest.xml:26:5-97
34-->[androidx.core:core:1.13.1] AndroidManifest.xml:26:22-94
35
36    <application
36-->src/main/AndroidManifest.xml:21:5-103:19
37        android:allowBackup="false"
37-->src/main/AndroidManifest.xml:22:9-36
38        android:appComponentFactory="androidx.core.app.CoreComponentFactory"
38-->[androidx.core:core:1.13.1] AndroidManifest.xml:28:18-86
39        android:debuggable="true"
40        android:extractNativeLibs="false"
41        android:icon="@drawable/ic_launcher"
41-->src/main/AndroidManifest.xml:23:9-45
42        android:label="PhishRakshak Guard"
42-->src/main/AndroidManifest.xml:24:9-43
43        android:roundIcon="@drawable/ic_launcher"
43-->src/main/AndroidManifest.xml:25:9-50
44        android:supportsRtl="true"
44-->src/main/AndroidManifest.xml:26:9-35
45        android:theme="@style/AppTheme" >
45-->src/main/AndroidManifest.xml:27:9-40
46        <activity
46-->src/main/AndroidManifest.xml:29:9-36:20
47            android:name="com.phishrakshak.guard.MainActivity"
47-->src/main/AndroidManifest.xml:30:13-41
48            android:exported="true" >
48-->src/main/AndroidManifest.xml:31:13-36
49            <intent-filter>
49-->src/main/AndroidManifest.xml:32:13-35:29
50                <action android:name="android.intent.action.MAIN" />
50-->src/main/AndroidManifest.xml:33:17-69
50-->src/main/AndroidManifest.xml:33:25-66
51
52                <category android:name="android.intent.category.LAUNCHER" />
52-->src/main/AndroidManifest.xml:34:17-77
52-->src/main/AndroidManifest.xml:34:27-74
53            </intent-filter>
54        </activity>
55
56        <!-- This activity asks user to enable Default SMS App + Call Screening role -->
57        <activity
57-->src/main/AndroidManifest.xml:39:9-41:40
58            android:name="com.phishrakshak.guard.RoleRequestActivity"
58-->src/main/AndroidManifest.xml:40:13-48
59            android:exported="false" />
59-->src/main/AndroidManifest.xml:41:13-37
60
61        <!-- Required for default SMS app role -->
62        <activity
62-->src/main/AndroidManifest.xml:44:9-55:20
63            android:name="com.phishrakshak.guard.ComposeSmsActivity"
63-->src/main/AndroidManifest.xml:45:13-47
64            android:exported="true" >
64-->src/main/AndroidManifest.xml:46:13-36
65            <intent-filter>
65-->src/main/AndroidManifest.xml:47:13-54:29
66                <action android:name="android.intent.action.SENDTO" />
66-->src/main/AndroidManifest.xml:48:17-71
66-->src/main/AndroidManifest.xml:48:25-68
67
68                <category android:name="android.intent.category.DEFAULT" />
68-->src/main/AndroidManifest.xml:49:17-76
68-->src/main/AndroidManifest.xml:49:27-73
69
70                <data android:scheme="sms" />
70-->src/main/AndroidManifest.xml:50:17-46
70-->src/main/AndroidManifest.xml:50:23-43
71                <data android:scheme="smsto" />
71-->src/main/AndroidManifest.xml:50:17-46
71-->src/main/AndroidManifest.xml:50:23-43
72                <data android:scheme="mms" />
72-->src/main/AndroidManifest.xml:50:17-46
72-->src/main/AndroidManifest.xml:50:23-43
73                <data android:scheme="mmsto" />
73-->src/main/AndroidManifest.xml:50:17-46
73-->src/main/AndroidManifest.xml:50:23-43
74            </intent-filter>
75        </activity>
76
77        <!-- Incoming SMS auto scan receiver -->
78        <receiver
78-->src/main/AndroidManifest.xml:58:9-65:20
79            android:name="com.phishrakshak.guard.SmsReceiver"
79-->src/main/AndroidManifest.xml:59:13-40
80            android:exported="true"
80-->src/main/AndroidManifest.xml:61:13-36
81            android:permission="android.permission.BROADCAST_SMS" >
81-->src/main/AndroidManifest.xml:60:13-66
82            <intent-filter>
82-->src/main/AndroidManifest.xml:62:13-64:29
83                <action android:name="android.provider.Telephony.SMS_DELIVER" />
83-->src/main/AndroidManifest.xml:63:17-81
83-->src/main/AndroidManifest.xml:63:25-78
84            </intent-filter>
85        </receiver>
86
87        <!-- MMS support receiver -->
88        <receiver
88-->src/main/AndroidManifest.xml:68:9-76:20
89            android:name="com.phishrakshak.guard.MmsReceiver"
89-->src/main/AndroidManifest.xml:69:13-40
90            android:exported="true"
90-->src/main/AndroidManifest.xml:71:13-36
91            android:permission="android.permission.BROADCAST_WAP_PUSH" >
91-->src/main/AndroidManifest.xml:70:13-71
92            <intent-filter>
92-->src/main/AndroidManifest.xml:72:13-75:29
93                <action android:name="android.provider.Telephony.WAP_PUSH_DELIVER" />
93-->src/main/AndroidManifest.xml:73:17-86
93-->src/main/AndroidManifest.xml:73:25-83
94
95                <data android:mimeType="application/vnd.wap.mms-message" />
95-->src/main/AndroidManifest.xml:50:17-46
95-->src/main/AndroidManifest.xml:74:23-73
96            </intent-filter>
97        </receiver>
98
99        <!-- Required for default SMS app role -->
100        <service
100-->src/main/AndroidManifest.xml:79:9-91:19
101            android:name="com.phishrakshak.guard.HeadlessSmsSendService"
101-->src/main/AndroidManifest.xml:80:13-51
102            android:exported="true"
102-->src/main/AndroidManifest.xml:82:13-36
103            android:permission="android.permission.SEND_RESPOND_VIA_MESSAGE" >
103-->src/main/AndroidManifest.xml:81:13-77
104            <intent-filter>
104-->src/main/AndroidManifest.xml:83:13-90:29
105                <action android:name="android.intent.action.RESPOND_VIA_MESSAGE" />
105-->src/main/AndroidManifest.xml:84:17-84
105-->src/main/AndroidManifest.xml:84:25-81
106
107                <category android:name="android.intent.category.DEFAULT" />
107-->src/main/AndroidManifest.xml:49:17-76
107-->src/main/AndroidManifest.xml:49:27-73
108
109                <data android:scheme="sms" />
109-->src/main/AndroidManifest.xml:50:17-46
109-->src/main/AndroidManifest.xml:50:23-43
110                <data android:scheme="smsto" />
110-->src/main/AndroidManifest.xml:50:17-46
110-->src/main/AndroidManifest.xml:50:23-43
111                <data android:scheme="mms" />
111-->src/main/AndroidManifest.xml:50:17-46
111-->src/main/AndroidManifest.xml:50:23-43
112                <data android:scheme="mmsto" />
112-->src/main/AndroidManifest.xml:50:17-46
112-->src/main/AndroidManifest.xml:50:23-43
113            </intent-filter>
114        </service>
115
116        <!-- Spam call screening service -->
117        <service
117-->src/main/AndroidManifest.xml:94:9-101:19
118            android:name="com.phishrakshak.guard.PhishCallScreeningService"
118-->src/main/AndroidManifest.xml:95:13-54
119            android:exported="true"
119-->src/main/AndroidManifest.xml:97:13-36
120            android:permission="android.permission.BIND_SCREENING_SERVICE" >
120-->src/main/AndroidManifest.xml:96:13-75
121            <intent-filter>
121-->src/main/AndroidManifest.xml:98:13-100:29
122                <action android:name="android.telecom.CallScreeningService" />
122-->src/main/AndroidManifest.xml:99:17-79
122-->src/main/AndroidManifest.xml:99:25-76
123            </intent-filter>
124        </service>
125
126        <provider
126-->[androidx.profileinstaller:profileinstaller:1.3.0] AndroidManifest.xml:24:9-32:20
127            android:name="androidx.startup.InitializationProvider"
127-->[androidx.profileinstaller:profileinstaller:1.3.0] AndroidManifest.xml:25:13-67
128            android:authorities="com.phishrakshak.guard.androidx-startup"
128-->[androidx.profileinstaller:profileinstaller:1.3.0] AndroidManifest.xml:26:13-68
129            android:exported="false" >
129-->[androidx.profileinstaller:profileinstaller:1.3.0] AndroidManifest.xml:27:13-37
130            <meta-data
130-->[androidx.profileinstaller:profileinstaller:1.3.0] AndroidManifest.xml:29:13-31:52
131                android:name="androidx.profileinstaller.ProfileInstallerInitializer"
131-->[androidx.profileinstaller:profileinstaller:1.3.0] AndroidManifest.xml:30:17-85
132                android:value="androidx.startup" />
132-->[androidx.profileinstaller:profileinstaller:1.3.0] AndroidManifest.xml:31:17-49
133        </provider>
134
135        <receiver
135-->[androidx.profileinstaller:profileinstaller:1.3.0] AndroidManifest.xml:34:9-52:20
136            android:name="androidx.profileinstaller.ProfileInstallReceiver"
136-->[androidx.profileinstaller:profileinstaller:1.3.0] AndroidManifest.xml:35:13-76
137            android:directBootAware="false"
137-->[androidx.profileinstaller:profileinstaller:1.3.0] AndroidManifest.xml:36:13-44
138            android:enabled="true"
138-->[androidx.profileinstaller:profileinstaller:1.3.0] AndroidManifest.xml:37:13-35
139            android:exported="true"
139-->[androidx.profileinstaller:profileinstaller:1.3.0] AndroidManifest.xml:38:13-36
140            android:permission="android.permission.DUMP" >
140-->[androidx.profileinstaller:profileinstaller:1.3.0] AndroidManifest.xml:39:13-57
141            <intent-filter>
141-->[androidx.profileinstaller:profileinstaller:1.3.0] AndroidManifest.xml:40:13-42:29
142                <action android:name="androidx.profileinstaller.action.INSTALL_PROFILE" />
142-->[androidx.profileinstaller:profileinstaller:1.3.0] AndroidManifest.xml:41:17-91
142-->[androidx.profileinstaller:profileinstaller:1.3.0] AndroidManifest.xml:41:25-88
143            </intent-filter>
144            <intent-filter>
144-->[androidx.profileinstaller:profileinstaller:1.3.0] AndroidManifest.xml:43:13-45:29
145                <action android:name="androidx.profileinstaller.action.SKIP_FILE" />
145-->[androidx.profileinstaller:profileinstaller:1.3.0] AndroidManifest.xml:44:17-85
145-->[androidx.profileinstaller:profileinstaller:1.3.0] AndroidManifest.xml:44:25-82
146            </intent-filter>
147            <intent-filter>
147-->[androidx.profileinstaller:profileinstaller:1.3.0] AndroidManifest.xml:46:13-48:29
148                <action android:name="androidx.profileinstaller.action.SAVE_PROFILE" />
148-->[androidx.profileinstaller:profileinstaller:1.3.0] AndroidManifest.xml:47:17-88
148-->[androidx.profileinstaller:profileinstaller:1.3.0] AndroidManifest.xml:47:25-85
149            </intent-filter>
150            <intent-filter>
150-->[androidx.profileinstaller:profileinstaller:1.3.0] AndroidManifest.xml:49:13-51:29
151                <action android:name="androidx.profileinstaller.action.BENCHMARK_OPERATION" />
151-->[androidx.profileinstaller:profileinstaller:1.3.0] AndroidManifest.xml:50:17-95
151-->[androidx.profileinstaller:profileinstaller:1.3.0] AndroidManifest.xml:50:25-92
152            </intent-filter>
153        </receiver>
154    </application>
155
156</manifest>